SF:lib\main_app_live.dart
DA:4,1
DA:8,1
LF:2
LH:2
end_of_record
SF:lib\flavors.dart
DA:11,2
DA:13,0
DA:15,0
DA:17,0
DA:19,0
LF:5
LH:1
end_of_record
SF:lib\generated\assets.dart
DA:3,0
LF:1
LH:0
end_of_record
SF:lib\main.dart
DA:14,1
DA:16,1
DA:22,1
DA:23,1
DA:26,2
DA:39,1
DA:40,1
DA:41,3
DA:42,3
DA:46,2
DA:49,3
DA:50,2
DA:53,1
DA:57,1
DA:58,2
DA:59,2
DA:60,2
DA:63,1
DA:64,2
DA:65,2
DA:66,2
DA:77,0
LF:22
LH:21
end_of_record
SF:lib\my_app.dart
DA:41,1
DA:43,1
DA:44,1
DA:50,1
DA:51,2
DA:52,1
DA:56,2
DA:57,1
DA:60,2
DA:63,2
DA:66,2
DA:72,1
DA:75,1
DA:78,1
DA:81,2
DA:84,1
DA:85,2
DA:88,1
DA:91,1
LF:19
LH:19
end_of_record
SF:lib\navigation_routes.dart
DA:5,3
DA:6,0
DA:7,3
DA:8,3
DA:9,0
DA:10,0
DA:11,0
DA:12,0
DA:14,0
DA:15,0
DA:16,0
DA:17,0
DA:18,0
DA:19,0
DA:20,0
DA:24,3
DA:25,0
DA:27,4
DA:28,1
DA:29,1
DA:30,1
DA:31,1
DA:32,1
DA:33,1
DA:36,1
DA:37,1
DA:38,1
DA:39,1
DA:40,3
DA:41,0
DA:43,1
DA:45,1
DA:46,0
DA:47,1
DA:48,2
DA:49,1
DA:53,1
DA:54,2
DA:55,0
DA:56,0
DA:58,0
DA:60,0
DA:61,0
DA:63,0
DA:65,0
DA:66,0
DA:68,0
DA:70,0
DA:71,0
DA:73,0
DA:75,0
DA:76,0
DA:77,0
DA:78,0
DA:79,0
DA:80,0
DA:83,0
DA:84,0
DA:85,0
DA:86,0
DA:87,0
DA:88,0
DA:91,0
DA:92,0
DA:93,0
DA:94,0
DA:95,0
DA:96,0
DA:97,0
DA:98,0
DA:102,0
DA:105,1
DA:111,1
DA:117,0
DA:118,0
DA:120,1
DA:121,1
DA:124,1
DA:125,4
DA:126,1
DA:127,1
DA:128,1
DA:129,0
DA:130,0
DA:132,2
DA:138,2
DA:139,1
DA:140,1
DA:141,1
DA:147,1
DA:151,2
DA:152,1
DA:153,1
DA:157,1
DA:168,1
DA:173,0
DA:174,0
DA:175,0
DA:176,0
DA:187,2
DA:188,1
DA:189,1
DA:193,1
DA:199,1
DA:202,2
DA:208,0
DA:210,0
DA:211,0
DA:215,2
DA:216,1
DA:217,1
DA:220,2
LF:112
LH:53
end_of_record
SF:lib\splash.dart
DA:9,1
DA:11,1
DA:12,1
DA:16,1
DA:19,1
DA:21,2
DA:22,1
DA:23,1
DA:24,5
DA:27,1
DA:30,1
DA:48,1
DA:51,1
LF:13
LH:13
end_of_record
